<?xml version="1.0" encoding="UTF-8"?>
<!-- Generated by org.testng.reporters.JUnitXMLReporter -->
<testsuite ignored="0" hostname="5CD12778NZ" failures="2" tests="2" name="Default test" time="179.992" errors="0" timestamp="2025-08-02T16:17:50 IST">
  <testcase classname="com.ebay.PerformanceTesting.HomePageLoadTest" name="HomePagePerformanceTest" time="100.033">
    <failure type="org.testng.internal.thread.ThreadTimeoutException" message="Method com.ebay.PerformanceTesting.HomePageLoadTest.HomePagePerformanceTest() didn&amp;apos;t finish within the time-out 100000">
      <![CDATA[org.testng.internal.thread.ThreadTimeoutException: Method com.ebay.PerformanceTesting.HomePageLoadTest.HomePagePerformanceTest() didn't finish within the time-out 100000
at org.testng.internal.MethodInvocationHelper.invokeWithTimeoutWithNoExecutor(MethodInvocationHelper.java:330)
at org.testng.internal.MethodInvocationHelper.invokeWithTimeout(MethodInvocationHelper.java:281)
at org.testng.internal.TestInvoker.invokeMethod(TestInvoker.java:604)
at org.testng.internal.TestInvoker.invokeTestMethod(TestInvoker.java:173)
at org.testng.internal.TestMethodWithDataProviderMethodWorker.call(TestMethodWithDataProviderMethodWorker.java:77)
at org.testng.internal.TestMethodWithDataProviderMethodWorker.call(TestMethodWithDataProviderMethodWorker.java:15)
at java.base/java.util.concurrent.FutureTask.run(FutureTask.java:264)
at java.base/java.util.concurrent.Executors$RunnableAdapter.call(Executors.java:539)
at java.base/java.util.concurrent.FutureTask.run(FutureTask.java:264)
at java.base/java.util.concurrent.ThreadPoolExecutor.runWorker(ThreadPoolExecutor.java:1136)
at java.base/java.util.concurrent.ThreadPoolExecutor$Worker.run(ThreadPoolExecutor.java:635)
at java.base/java.lang.Thread.run(Thread.java:833)
]]>
    </failure>
  </testcase> <!-- HomePagePerformanceTest -->
  <testcase classname="com.ebay.PerformanceTesting.HomePageLoadTest" name="HomePagePerformanceTest" time="179.882">
    <failure type="org.testng.internal.thread.ThreadTimeoutException" message="Method com.ebay.PerformanceTesting.HomePageLoadTest.HomePagePerformanceTest() didn&amp;apos;t finish within the time-out 100000">
      <![CDATA[org.testng.internal.thread.ThreadTimeoutException: Method com.ebay.PerformanceTesting.HomePageLoadTest.HomePagePerformanceTest() didn't finish within the time-out 100000
at org.testng.internal.MethodInvocationHelper.invokeWithTimeoutWithNoExecutor(MethodInvocationHelper.java:330)
at org.testng.internal.MethodInvocationHelper.invokeWithTimeout(MethodInvocationHelper.java:281)
at org.testng.internal.TestInvoker.invokeMethod(TestInvoker.java:604)
at org.testng.internal.TestInvoker.invokeTestMethod(TestInvoker.java:173)
at org.testng.internal.TestMethodWithDataProviderMethodWorker.call(TestMethodWithDataProviderMethodWorker.java:77)
at org.testng.internal.TestMethodWithDataProviderMethodWorker.call(TestMethodWithDataProviderMethodWorker.java:15)
at java.base/java.util.concurrent.FutureTask.run(FutureTask.java:264)
at java.base/java.util.concurrent.Executors$RunnableAdapter.call(Executors.java:539)
at java.base/java.util.concurrent.FutureTask.run(FutureTask.java:264)
at java.base/java.util.concurrent.ThreadPoolExecutor.runWorker(ThreadPoolExecutor.java:1136)
at java.base/java.util.concurrent.ThreadPoolExecutor$Worker.run(ThreadPoolExecutor.java:635)
at java.base/java.lang.Thread.run(Thread.java:833)
]]>
    </failure>
  </testcase> <!-- HomePagePerformanceTest -->
</testsuite> <!-- Default test -->
