<?xml version="1.0" encoding="UTF-8"?>
<testng-results ignored="0" total="1" passed="1" failed="0" skipped="0">
  <reporter-output>
  </reporter-output>
  <suite started-at="2025-07-29T00:25:57 IST" name="Default suite" finished-at="2025-07-29T00:28:28 IST" duration-ms="151568">
    <groups>
    </groups>
    <test started-at="2025-07-29T00:25:57 IST" name="Default test" finished-at="2025-07-29T00:28:28 IST" duration-ms="151568">
      <class name="com.ebay.PerformanceTesting.SearchResultLoadTest">
        <test-method signature="SearchResultPage()[pri:0, instance:com.ebay.PerformanceTesting.SearchResultLoadTest@f0c8a99]" started-at="2025-07-29T00:25:57 IST" name="SearchResultPage" finished-at="2025-07-29T00:28:28 IST" duration-ms="151540" status="PASS">
          <reporter-output>
          </reporter-output>
        </test-method> <!-- SearchResultPage -->
      </class> <!-- com.ebay.PerformanceTesting.SearchResultLoadTest -->
    </test> <!-- Default test -->
  </suite> <!-- Default suite -->
</testng-results>
