<?xml version="1.0" encoding="UTF-8"?>
<!-- Generated by org.testng.reporters.JUnitXMLReporter -->
<testsuite ignored="0" hostname="5CD12778NZ" failures="1" tests="11" name="HomePage Test" time="104.79" errors="0" timestamp="2025-07-07T13:27:43 IST">
  <testcase classname="com.ebay.Tests.HomePageTest" name="TestIsEbayLogoDisplayed" time="3.835"/>
  <testcase classname="com.ebay.Tests.HomePageTest" name="TestIsSearchInputFieldDisplayed" time="0.092"/>
  <testcase classname="com.ebay.Tests.HomePageTest" name="TestWithoutEnterTextClickOnSearchIcon" time="3.129"/>
  <testcase classname="com.ebay.Tests.HomePageTest" name="CheckResultDisplayingAfterEnteringText" time="52.081"/>
  <testcase classname="com.ebay.Tests.HomePageTest" name="CheckTopNavigationBarLinks" time="0.061"/>
  <testcase classname="com.ebay.Tests.HomePageTest" name="TestLinkCorrectlyRedirecting" time="1.276"/>
  <testcase classname="com.ebay.Tests.HomePageTest" name="CheckSignInOption" time="2.717"/>
  <testcase classname="com.ebay.Tests.HomePageTest" name="CheckCartIcon" time="0.096"/>
  <testcase classname="com.ebay.Tests.HomePageTest" name="TestShopByCategories_Headings" time="6.233"/>
  <testcase classname="com.ebay.Tests.HomePageTest" name="TestFooterLinks" time="4.519"/>
  <testcase classname="com.ebay.Tests.SignUpTest" name="ClickSignUpButton" time="30.389">
    <failure type="org.openqa.selenium.NoSuchElementException" message="no such element: Unable to locate element: {&amp;quot;method&amp;quot;:&amp;quot;xpath&amp;quot;,&amp;quot;selector&amp;quot;:&amp;quot;//iframe[contains(@title,&amp;apos;Widget containing checkbox &amp;apos;)]&amp;quot;}
  (Session info: chrome=138.0.7204.97)
For documentation on this error, please visit: https://www.selenium.dev/documentation/webdriver/troubleshooting/errors#no-such-element-exception
Build info: version: &amp;apos;4.22.0&amp;apos;, revision: &amp;apos;c5f3146703*&amp;apos;
System info: os.name: &amp;apos;Windows 11&amp;apos;, os.arch: &amp;apos;amd64&amp;apos;, os.version: &amp;apos;10.0&amp;apos;, java.version: &amp;apos;17.0.8.1&amp;apos;
Driver info: org.openqa.selenium.chrome.ChromeDriver
Command: [0a9e821963086763a011b9f9879ff584, findElement {value=//iframe[contains(@title,&amp;apos;Widget containing checkbox &amp;apos;)], using=xpath}]
Capabilities {acceptInsecureCerts: false, browserName: chrome, browserVersion: 138.0.7204.97, chrome: {chromedriverVersion: 138.0.7204.49 (d2b48fd5f781..., userDataDir: C:\Users\61073077\AppData\L...}, fedcm:accounts: true, goog:chromeOptions: {debuggerAddress: localhost:64619}, networkConnectionEnabled: false, pageLoadStrategy: none, platformName: windows, proxy: Proxy(), se:cdp: ws://localhost:64619/devtoo..., se:cdpVersion: 138.0.7204.97, setWindowRect: true, strictFileInteractability: false, timeouts: {implicit: 0, pageLoad: 300000, script: 30000}, unhandledPromptBehavior: dismiss and notify, webauthn:extension:credBlob: true, webauthn:extension:largeBlob: true, webauthn:extension:minPinLength: true, webauthn:extension:prf: true, webauthn:virtualAuthenticators: true}
Session ID: 0a9e821963086763a011b9f9879ff584">
      <![CDATA[org.openqa.selenium.NoSuchElementException: no such element: Unable to locate element: {"method":"xpath","selector":"//iframe[contains(@title,'Widget containing checkbox ')]"}
  (Session info: chrome=138.0.7204.97)
For documentation on this error, please visit: https://www.selenium.dev/documentation/webdriver/troubleshooting/errors#no-such-element-exception
Build info: version: '4.22.0', revision: 'c5f3146703*'
System info: os.name: 'Windows 11', os.arch: 'amd64', os.version: '10.0', java.version: '17.0.8.1'
Driver info: org.openqa.selenium.chrome.ChromeDriver
Command: [0a9e821963086763a011b9f9879ff584, findElement {value=//iframe[contains(@title,'Widget containing checkbox ')], using=xpath}]
Capabilities {acceptInsecureCerts: false, browserName: chrome, browserVersion: 138.0.7204.97, chrome: {chromedriverVersion: 138.0.7204.49 (d2b48fd5f781..., userDataDir: C:\Users\61073077\AppData\L...}, fedcm:accounts: true, goog:chromeOptions: {debuggerAddress: localhost:64619}, networkConnectionEnabled: false, pageLoadStrategy: none, platformName: windows, proxy: Proxy(), se:cdp: ws://localhost:64619/devtoo..., se:cdpVersion: 138.0.7204.97, setWindowRect: true, strictFileInteractability: false, timeouts: {implicit: 0, pageLoad: 300000, script: 30000}, unhandledPromptBehavior: dismiss and notify, webauthn:extension:credBlob: true, webauthn:extension:largeBlob: true, webauthn:extension:minPinLength: true, webauthn:extension:prf: true, webauthn:virtualAuthenticators: true}
Session ID: 0a9e821963086763a011b9f9879ff584
at org.openqa.selenium.remote.ErrorCodec.decode(ErrorCodec.java:167)
at org.openqa.selenium.remote.codec.w3c.W3CHttpResponseCodec.decode(W3CHttpResponseCodec.java:138)
at org.openqa.selenium.remote.codec.w3c.W3CHttpResponseCodec.decode(W3CHttpResponseCodec.java:50)
at org.openqa.selenium.remote.HttpCommandExecutor.execute(HttpCommandExecutor.java:190)
at org.openqa.selenium.remote.service.DriverCommandExecutor.invokeExecute(DriverCommandExecutor.java:216)
at org.openqa.selenium.remote.service.DriverCommandExecutor.execute(DriverCommandExecutor.java:174)
at org.openqa.selenium.remote.RemoteWebDriver.execute(RemoteWebDriver.java:518)
at org.openqa.selenium.remote.ElementLocation$ElementFinder$2.findElement(ElementLocation.java:165)
at org.openqa.selenium.remote.ElementLocation.findElement(ElementLocation.java:59)
at org.openqa.selenium.remote.RemoteWebDriver.findElement(RemoteWebDriver.java:355)
at org.openqa.selenium.remote.RemoteWebDriver.findElement(RemoteWebDriver.java:349)
at com.ebay.pages.SignUpPage.ClickCaptcha(SignUpPage.java:45)
at com.ebay.Tests.SignUpTest.ClickSignUpButton(SignUpTest.java:38)
at java.base/java.util.ArrayList.forEach(ArrayList.java:1511)
... Removed 32 stack frames]]>
    </failure>
  </testcase> <!-- ClickSignUpButton -->
</testsuite> <!-- HomePage Test -->
